# JRE version: OpenJDK Runtime Environment (8.0_152-b01) (build 1.8.0_152-release-915-b01)
# Java VM: OpenJDK 64-Bit Server VM (25.152-b01 mixed mode windows-amd64 compressed oops)
Heap:
 PSYoungGen      total 164864K, used 145276K [0x00000000e0000000, 0x00000000ed580000, 0x0000000100000000)
  eden space 153088K, 94% used [0x00000000e0000000,0x00000000e8ddf030,0x00000000e9580000)
  from space 11776K, 0% used [0x00000000ea180000,0x00000000ea180000,0x00000000ead00000)
  to   space 12288K, 0% used [0x00000000e9580000,0x00000000e9580000,0x00000000ea180000)
 ParOldGen       total 96256K, used 16560K [0x00000000a0000000, 0x00000000a5e00000, 0x00000000e0000000)
  object space 96256K, 17% used [0x00000000a0000000,0x00000000a102c0d8,0x00000000a5e00000)
 Metaspace       used 46736K, capacity 47862K, committed 48088K, reserved 1091584K
  class space    used 6242K, capacity 6615K, committed 6656K, reserved 1048576K
GC Heap History (10 events):
Event: 5.645 GC heap before
{Heap before GC invocations=6 (full 1):
 PSYoungGen      total 71680K, used 5108K [0x00000000e0000000, 0x00000000e9500000, 0x0000000100000000)
  eden space 66560K, 0% used [0x00000000e0000000,0x00000000e0000000,0x00000000e4100000)
  from space 5120K, 99% used [0x00000000e4100000,0x00000000e45fd040,0x00000000e4600000)
  to   space 9728K, 0% used [0x00000000e8b80000,0x00000000e8b80000,0x00000000e9500000)
 ParOldGen       total 87552K, used 8153K [0x00000000a0000000, 0x00000000a5580000, 0x00000000e0000000)
  object space 87552K, 9% used [0x00000000a0000000,0x00000000a07f6688,0x00000000a5580000)
 Metaspace       used 20813K, capacity 21188K, committed 21248K, reserved 1067008K
  class space    used 2905K, capacity 3037K, committed 3072K, reserved 1048576K
Event: 5.721 GC heap after
Heap after GC invocations=6 (full 1):
 PSYoungGen      total 71680K, used 0K [0x00000000e0000000, 0x00000000e9500000, 0x0000000100000000)
  eden space 66560K, 0% used [0x00000000e0000000,0x00000000e0000000,0x00000000e4100000)
  from space 5120K, 0% used [0x00000000e4100000,0x00000000e4100000,0x00000000e4600000)
  to   space 9728K, 0% used [0x00000000e8b80000,0x00000000e8b80000,0x00000000e9500000)
 ParOldGen       total 60416K, used 7774K [0x00000000a0000000, 0x00000000a3b00000, 0x00000000e0000000)
  object space 60416K, 12% used [0x00000000a0000000,0x00000000a0797a58,0x00000000a3b00000)
 Metaspace       used 20813K, capacity 21188K, committed 21248K, reserved 1067008K
  class space    used 2905K, capacity 3037K, committed 3072K, reserved 1048576K
}
Event: 7.091 GC heap before
{Heap before GC invocations=7 (full 1):
 PSYoungGen      total 71680K, used 66560K [0x00000000e0000000, 0x00000000e9500000, 0x0000000100000000)
  eden space 66560K, 100% used [0x00000000e0000000,0x00000000e4100000,0x00000000e4100000)
  from space 5120K, 0% used [0x00000000e4100000,0x00000000e4100000,0x00000000e4600000)
  to   space 9728K, 0% used [0x00000000e8b80000,0x00000000e8b80000,0x00000000e9500000)
 ParOldGen       total 60416K, used 7774K [0x00000000a0000000, 0x00000000a3b00000, 0x00000000e0000000)
  object space 60416K, 12% used [0x00000000a0000000,0x00000000a0797a58,0x00000000a3b00000)
 Metaspace       used 26014K, capacity 26360K, committed 26624K, reserved 1073152K
  class space    used 3627K, capacity 3793K, committed 3840K, reserved 1048576K
Event: 7.104 GC heap after
Heap after GC invocations=7 (full 1):
 PSYoungGen      total 108544K, used 6623K [0x00000000e0000000, 0x00000000e9200000, 0x0000000100000000)
  eden space 101888K, 0% used [0x00000000e0000000,0x00000000e0000000,0x00000000e6380000)
  from space 6656K, 99% used [0x00000000e8b80000,0x00000000e91f7f48,0x00000000e9200000)
  to   space 9728K, 0% used [0x00000000e7f00000,0x00000000e7f00000,0x00000000e8880000)
 ParOldGen       total 60416K, used 7782K [0x00000000a0000000, 0x00000000a3b00000, 0x00000000e0000000)
  object space 60416K, 12% used [0x00000000a0000000,0x00000000a0799a58,0x00000000a3b00000)
 Metaspace       used 26014K, capacity 26360K, committed 26624K, reserved 1073152K
  class space    used 3627K, capacity 3793K, committed 3840K, reserved 1048576K
}
Event: 12.992 GC heap before
{Heap before GC invocations=8 (full 1):
 PSYoungGen      total 108544K, used 108511K [0x00000000e0000000, 0x00000000e9200000, 0x0000000100000000)
  eden space 101888K, 100% used [0x00000000e0000000,0x00000000e6380000,0x00000000e6380000)
  from space 6656K, 99% used [0x00000000e8b80000,0x00000000e91f7f48,0x00000000e9200000)
  to   space 9728K, 0% used [0x00000000e7f00000,0x00000000e7f00000,0x00000000e8880000)
 ParOldGen       total 60416K, used 7782K [0x00000000a0000000, 0x00000000a3b00000, 0x00000000e0000000)
  object space 60416K, 12% used [0x00000000a0000000,0x00000000a0799a58,0x00000000a3b00000)
 Metaspace       used 32420K, capacity 33058K, committed 33280K, reserved 1077248K
  class space    used 4460K, capacity 4744K, committed 4864K, reserved 1048576K
Event: 13.046 GC heap after
Heap after GC invocations=8 (full 1):
 PSYoungGen      total 139776K, used 9696K [0x00000000e0000000, 0x00000000ead00000, 0x0000000100000000)
  eden space 130048K, 0% used [0x00000000e0000000,0x00000000e0000000,0x00000000e7f00000)
  from space 9728K, 99% used [0x00000000e7f00000,0x00000000e8878318,0x00000000e8880000)
  to   space 11776K, 0% used [0x00000000ea180000,0x00000000ea180000,0x00000000ead00000)
 ParOldGen       total 60416K, used 9756K [0x00000000a0000000, 0x00000000a3b00000, 0x00000000e0000000)
  object space 60416K, 16% used [0x00000000a0000000,0x00000000a09871f0,0x00000000a3b00000)
 Metaspace       used 32420K, capacity 33058K, committed 33280K, reserved 1077248K
  class space    used 4460K, capacity 4744K, committed 4864K, reserved 1048576K
}
Event: 14.958 GC heap before
{Heap before GC invocations=9 (full 1):
 PSYoungGen      total 139776K, used 58289K [0x00000000e0000000, 0x00000000ead00000, 0x0000000100000000)
  eden space 130048K, 37% used [0x00000000e0000000,0x00000000e2f744c8,0x00000000e7f00000)
  from space 9728K, 99% used [0x00000000e7f00000,0x00000000e8878318,0x00000000e8880000)
  to   space 11776K, 0% used [0x00000000ea180000,0x00000000ea180000,0x00000000ead00000)
 ParOldGen       total 60416K, used 9756K [0x00000000a0000000, 0x00000000a3b00000, 0x00000000e0000000)
  object space 60416K, 16% used [0x00000000a0000000,0x00000000a09871f0,0x00000000a3b00000)
 Metaspace       used 34775K, capacity 35366K, committed 35416K, reserved 1079296K
  class space    used 4749K, capacity 4978K, committed 4992K, reserved 1048576K
Event: 14.979 GC heap after
Heap after GC invocations=9 (full 1):
 PSYoungGen      total 164864K, used 10306K [0x00000000e0000000, 0x00000000ed580000, 0x0000000100000000)
  eden space 153088K, 0% used [0x00000000e0000000,0x00000000e0000000,0x00000000e9580000)
  from space 11776K, 87% used [0x00000000ea180000,0x00000000eab908d8,0x00000000ead00000)
  to   space 12288K, 0% used [0x00000000e9580000,0x00000000e9580000,0x00000000ea180000)
 ParOldGen       total 60416K, used 9828K [0x00000000a0000000, 0x00000000a3b00000, 0x00000000e0000000)
  object space 60416K, 16% used [0x00000000a0000000,0x00000000a0999200,0x00000000a3b00000)
 Metaspace       used 34775K, capacity 35366K, committed 35416K, reserved 1079296K
  class space    used 4749K, capacity 4978K, committed 4992K, reserved 1048576K
}
Event: 14.979 GC heap before
{Heap before GC invocations=10 (full 2):
 PSYoungGen      total 164864K, used 10306K [0x00000000e0000000, 0x00000000ed580000, 0x0000000100000000)
  eden space 153088K, 0% used [0x00000000e0000000,0x00000000e0000000,0x00000000e9580000)
  from space 11776K, 87% used [0x00000000ea180000,0x00000000eab908d8,0x00000000ead00000)
  to   space 12288K, 0% used [0x00000000e9580000,0x00000000e9580000,0x00000000ea180000)
 ParOldGen       total 60416K, used 9828K [0x00000000a0000000, 0x00000000a3b00000, 0x00000000e0000000)
  object space 60416K, 16% used [0x00000000a0000000,0x00000000a0999200,0x00000000a3b00000)
 Metaspace       used 34775K, capacity 35366K, committed 35416K, reserved 1079296K
  class space    used 4749K, capacity 4978K, committed 4992K, reserved 1048576K
Event: 15.149 GC heap after
Heap after GC invocations=10 (full 2):
 PSYoungGen      total 164864K, used 0K [0x00000000e0000000, 0x00000000ed580000, 0x0000000100000000)
  eden space 153088K, 0% used [0x00000000e0000000,0x00000000e0000000,0x00000000e9580000)
  from space 11776K, 0% used [0x00000000ea180000,0x00000000ea180000,0x00000000ead00000)
  to   space 12288K, 0% used [0x00000000e9580000,0x00000000e9580000,0x00000000ea180000)
 ParOldGen       total 96256K, used 16560K [0x00000000a0000000, 0x00000000a5e00000, 0x00000000e0000000)
  object space 96256K, 17% used [0x00000000a0000000,0x00000000a102c0d8,0x00000000a5e00000)
 Metaspace       used 34775K, capacity 35366K, committed 35416K, reserved 1079296K
  class space    used 4749K, capacity 4978K, committed 4992K, reserved 1048576K
}

